  64 bit Processing .\ComServer2.idl
  ComServer2.idl
  64 bit Processing C:\Program Files (x86)\Windows Kits\10\Include\10.0.26100.0\um\oaidl.idl
  oaidl.idl
  64 bit Processing C:\Program Files (x86)\Windows Kits\10\Include\10.0.26100.0\um\objidl.idl
  objidl.idl
  64 bit Processing C:\Program Files (x86)\Windows Kits\10\Include\10.0.26100.0\um\unknwn.idl
  unknwn.idl
  64 bit Processing C:\Program Files (x86)\Windows Kits\10\Include\10.0.26100.0\shared\wtypes.idl
  wtypes.idl
  64 bit Processing C:\Program Files (x86)\Windows Kits\10\Include\10.0.26100.0\shared\wtypesbase.idl
  wtypesbase.idl
  64 bit Processing C:\Program Files (x86)\Windows Kits\10\Include\10.0.26100.0\shared\basetsd.h
  basetsd.h
  64 bit Processing C:\Program Files (x86)\Windows Kits\10\Include\10.0.26100.0\shared\guiddef.h
  guiddef.h
  64 bit Processing C:\Program Files (x86)\Windows Kits\10\Include\10.0.26100.0\um\ocidl.idl
  ocidl.idl
  64 bit Processing C:\Program Files (x86)\Windows Kits\10\Include\10.0.26100.0\um\oleidl.idl
  oleidl.idl
  64 bit Processing C:\Program Files (x86)\Windows Kits\10\Include\10.0.26100.0\um\servprov.idl
  servprov.idl
  64 bit Processing C:\Program Files (x86)\Windows Kits\10\Include\10.0.26100.0\um\urlmon.idl
  urlmon.idl
  64 bit Processing C:\Program Files (x86)\Windows Kits\10\Include\10.0.26100.0\um\msxml.idl
  msxml.idl
  64 bit Processing C:\Program Files (x86)\Windows Kits\10\Include\10.0.26100.0\um\shobjidl.idl
  shobjidl.idl
  64 bit Processing C:\Program Files (x86)\Windows Kits\10\Include\10.0.26100.0\um\docobj.idl
  docobj.idl
  64 bit Processing C:\Program Files (x86)\Windows Kits\10\Include\10.0.26100.0\um\shtypes.idl
  shtypes.idl
  64 bit Processing C:\Program Files (x86)\Windows Kits\10\Include\10.0.26100.0\um\comcat.idl
  comcat.idl
  64 bit Processing C:\Program Files (x86)\Windows Kits\10\Include\10.0.26100.0\um\propidl.idl
  propidl.idl
  64 bit Processing C:\Program Files (x86)\Windows Kits\10\Include\10.0.26100.0\um\prsht.idl
  prsht.idl
  64 bit Processing C:\Program Files (x86)\Windows Kits\10\Include\10.0.26100.0\um\propsys.idl
  propsys.idl
  64 bit Processing C:\Program Files (x86)\Windows Kits\10\Include\10.0.26100.0\um\StructuredQueryCondition.idl
  StructuredQueryCondition.idl
  64 bit Processing C:\Program Files (x86)\Windows Kits\10\Include\10.0.26100.0\um\ObjectArray.idl
  ObjectArray.idl
  64 bit Processing C:\Program Files (x86)\Windows Kits\10\Include\10.0.26100.0\um\shobjidl_core.idl
  shobjidl_core.idl
  64 bit Processing C:\Program Files (x86)\Windows Kits\10\Include\10.0.26100.0\um\oaidl.acf
  oaidl.acf
  64 bit Processing C:\Program Files (x86)\Windows Kits\10\Include\10.0.26100.0\um\ocidl.acf
  ocidl.acf
  pch.cpp
  ComServer2.cpp
  Maths.cpp
  Generating Code...
  ComServer2_i.c
  dllmain.cpp
     Creating library C:\Source\CPP_Concepts\x64\Debug\ComServer2.lib and object C:\Source\CPP_Concepts\x64\Debug\ComServer2.exp
  ComServer2.vcxproj -> C:\Source\CPP_Concepts\x64\Debug\ComServer2.dll
