c:\source\cpp_concepts\cpp_concepts\x64\debug\vc143.pdb
c:\source\cpp_concepts\cpp_concepts\x64\debug\vc143.idb
c:\source\cpp_concepts\cpp_concepts\x64\debug\tokenize1.obj
c:\source\cpp_concepts\cpp_concepts\x64\debug\template.obj
c:\source\cpp_concepts\cpp_concepts\x64\debug\single.obj
c:\source\cpp_concepts\cpp_concepts\x64\debug\reverse.obj
c:\source\cpp_concepts\cpp_concepts\x64\debug\double.obj
c:\source\cpp_concepts\cpp_concepts\x64\debug\circular.obj
c:\source\cpp_concepts\cpp_concepts\x64\debug\binaryop.obj
c:\source\cpp_concepts\x64\debug\cpp_concepts.exe
c:\source\cpp_concepts\x64\debug\cpp_concepts.pdb
c:\source\cpp_concepts\cpp_concepts\x64\debug\cpp_concepts.ilk
c:\source\cpp_concepts\cpp_concepts\x64\debug\cpp_concepts.tlog\cl.command.1.tlog
c:\source\cpp_concepts\cpp_concepts\x64\debug\cpp_concepts.tlog\cl.items.tlog
c:\source\cpp_concepts\cpp_concepts\x64\debug\cpp_concepts.tlog\cl.read.1.tlog
c:\source\cpp_concepts\cpp_concepts\x64\debug\cpp_concepts.tlog\cl.write.1.tlog
c:\source\cpp_concepts\cpp_concepts\x64\debug\cpp_concepts.tlog\link.command.1.tlog
c:\source\cpp_concepts\cpp_concepts\x64\debug\cpp_concepts.tlog\link.read.1.tlog
c:\source\cpp_concepts\cpp_concepts\x64\debug\cpp_concepts.tlog\link.secondary.1.tlog
c:\source\cpp_concepts\cpp_concepts\x64\debug\cpp_concepts.tlog\link.write.1.tlog
